2026-04-27 16:53:58 [HikariPool-1 housekeeper] WARN com.zaxxer.hikari.pool.HikariPool - HikariPool-1 - Thread starvation or clock leap detected (housekeeper delta=1d8h51m57s73ms).
2026-04-27 16:53:59 [HikariPool-1 housekeeper] DEBUG com.zaxxer.hikari.pool.HikariPool - HikariPool-1 - Pool stats (total=10, active=0, idle=10, waiting=0)
2026-04-27 16:53:59 [HikariPool-1 housekeeper] DEBUG com.zaxxer.hikari.pool.HikariPool - HikariPool-1 - Fill pool skipped, pool is at sufficient level.
2026-04-27 16:54:29 [HikariPool-1 housekeeper] DEBUG com.zaxxer.hikari.pool.HikariPool - HikariPool-1 - Pool stats (total=10, active=0, idle=10, waiting=0)
2026-04-27 16:54:29 [HikariPool-1 housekeeper] DEBUG com.zaxxer.hikari.pool.HikariPool - HikariPool-1 - Fill pool skipped, pool is at sufficient level.
2026-04-27 16:54:59 [HikariPool-1 housekeeper] DEBUG com.zaxxer.hikari.pool.HikariPool - HikariPool-1 - Pool stats (total=10, active=0, idle=10, waiting=0)
2026-04-27 16:54:59 [HikariPool-1 housekeeper] DEBUG com.zaxxer.hikari.pool.HikariPool - HikariPool-1 - Fill pool skipped, pool is at sufficient level.
2026-04-27 16:55:26 [SpringApplicationShutdownHook] DEBUG org.springframework.boot.availability.ApplicationAvailabilityBean - Application availability state ReadinessState changed from ACCEPTING_TRAFFIC to REFUSING_TRAFFIC
2026-04-27 16:55:26 [SpringApplicationShutdownHook] DEBUG org.springframework.boot.web.servlet.context.AnnotationConfigServletWebServerApplicationContext - Closing org.springframework.boot.web.servlet.context.AnnotationConfigServletWebServerApplicationContext@6b98a075, started on Sat Apr 25 11:42:55 CDT 2026
2026-04-27 16:55:26 [SpringApplicationShutdownHook] DEBUG org.springframework.context.support.DefaultLifecycleProcessor - Stopping beans in phase 2147483647
2026-04-27 16:55:26 [SpringApplicationShutdownHook] DEBUG org.springframework.context.support.DefaultLifecycleProcessor - Bean 'webServerGracefulShutdown' completed its stop procedure
2026-04-27 16:55:26 [SpringApplicationShutdownHook] DEBUG org.springframework.context.support.DefaultLifecycleProcessor - Stopping beans in phase 2147483646
2026-04-27 16:55:27 [SpringApplicationShutdownHook] DEBUG org.springframework.context.support.DefaultLifecycleProcessor - Bean 'webServerStartStop' completed its stop procedure
2026-04-27 16:55:27 [SpringApplicationShutdownHook] DEBUG org.springframework.scheduling.concurrent.ThreadPoolTaskExecutor - Shutting down ExecutorService 'applicationTaskExecutor'
2026-04-27 16:55:27 [SpringApplicationShutdownHook] INFO org.springframework.orm.jpa.LocalContainerEntityManagerFactoryBean - Closing JPA EntityManagerFactory for persistence unit 'default'
2026-04-27 16:55:27 [SpringApplicationShutdownHook] DEBUG org.hibernate.internal.SessionFactoryImpl - HHH000031: Closing
2026-04-27 16:55:27 [SpringApplicationShutdownHook] DEBUG org.hibernate.type.spi.TypeConfiguration$Scope - Un-scoping TypeConfiguration [org.hibernate.type.spi.TypeConfiguration$Scope@5355ffe9] from SessionFactory [org.hibernate.internal.SessionFactoryImpl@c5a2d5]
2026-04-27 16:55:27 [SpringApplicationShutdownHook] DEBUG org.hibernate.service.internal.AbstractServiceRegistryImpl - Implicitly destroying ServiceRegistry on de-registration of all child ServiceRegistries
2026-04-27 16:55:27 [SpringApplicationShutdownHook] DEBUG org.hibernate.boot.registry.internal.BootstrapServiceRegistryImpl - Implicitly destroying Boot-strap registry on de-registration of all child ServiceRegistries
2026-04-27 16:55:27 [SpringApplicationShutdownHook] INFO com.zaxxer.hikari.HikariDataSource - HikariPool-1 - Shutdown initiated...
2026-04-27 16:55:27 [SpringApplicationShutdownHook] DEBUG com.zaxxer.hikari.pool.HikariPool - HikariPool-1 - Before shutdown stats (total=10, active=0, idle=10, waiting=0)
2026-04-27 16:55:27 [HikariPool-1 connection closer] DEBUG com.zaxxer.hikari.pool.PoolBase - HikariPool-1 - Closing connection com.mysql.cj.jdbc.ConnectionImpl@28595b44: (connection evicted)
2026-04-27 16:55:27 [HikariPool-1 connection closer] DEBUG com.zaxxer.hikari.pool.PoolBase - HikariPool-1 - Closing connection com.mysql.cj.jdbc.ConnectionImpl@3a984776: (connection evicted)
2026-04-27 16:55:27 [HikariPool-1 connection closer] DEBUG com.zaxxer.hikari.pool.PoolBase - HikariPool-1 - Closing connection com.mysql.cj.jdbc.ConnectionImpl@6c85ca87: (connection evicted)
2026-04-27 16:55:27 [HikariPool-1 connection closer] DEBUG com.zaxxer.hikari.pool.PoolBase - HikariPool-1 - Closing connection com.mysql.cj.jdbc.ConnectionImpl@5fa8efc9: (connection evicted)
2026-04-27 16:55:27 [HikariPool-1 connection closer] DEBUG com.zaxxer.hikari.pool.PoolBase - HikariPool-1 - Closing connection com.mysql.cj.jdbc.ConnectionImpl@4973fae8: (connection evicted)
2026-04-27 16:55:27 [HikariPool-1 connection closer] DEBUG com.zaxxer.hikari.pool.PoolBase - HikariPool-1 - Closing connection com.mysql.cj.jdbc.ConnectionImpl@606d8465: (connection evicted)
2026-04-27 16:55:27 [HikariPool-1 connection closer] DEBUG com.zaxxer.hikari.pool.PoolBase - HikariPool-1 - Closing connection com.mysql.cj.jdbc.ConnectionImpl@a3440db: (connection evicted)
2026-04-27 16:55:27 [HikariPool-1 connection closer] DEBUG com.zaxxer.hikari.pool.PoolBase - HikariPool-1 - Closing connection com.mysql.cj.jdbc.ConnectionImpl@114844b3: (connection evicted)
2026-04-27 16:55:27 [HikariPool-1 connection closer] DEBUG com.zaxxer.hikari.pool.PoolBase - HikariPool-1 - Closing connection com.mysql.cj.jdbc.ConnectionImpl@dc892e0: (connection evicted)
2026-04-27 16:55:27 [HikariPool-1 connection closer] DEBUG com.zaxxer.hikari.pool.PoolBase - HikariPool-1 - Closing connection com.mysql.cj.jdbc.ConnectionImpl@466d5b69: (connection evicted)
2026-04-27 16:55:27 [SpringApplicationShutdownHook] DEBUG com.zaxxer.hikari.pool.HikariPool - HikariPool-1 - After shutdown stats (total=0, active=0, idle=0, waiting=0)
2026-04-27 16:55:27 [SpringApplicationShutdownHook] INFO com.zaxxer.hikari.HikariDataSource - HikariPool-1 - Shutdown completed.
